{"/home/binamra/Desktop/vrit_frontend/task1/src/App.jsx": {"path":"/home/binamra/Desktop/vrit_frontend/task1/src/App.jsx","statementMap":{"0":{"start":{"line":7,"column":12},"end":{"line":17,"column":1}},"1":{"start":{"line":8,"column":2},"end":{"line":16,"column":4}}},"fnMap":{"0":{"name":"(anonymous_0)","decl":{"start":{"line":7,"column":12},"end":{"line":7,"column":13}},"loc":{"start":{"line":7,"column":18},"end":{"line":17,"column":1}},"line":7}},"branchMap":{},"s":{"0":1,"1":1},"f":{"0":1},"b":{},"_coverageSchema":"1a1c01bbd47fc00a2c39e90264f33305004495a9","hash":"905a596eb0059cc084ba74f4b163926b93254dfc"}
,"/home/binamra/Desktop/vrit_frontend/task1/src/main.jsx": {"path":"/home/binamra/Desktop/vrit_frontend/task1/src/main.jsx","statementMap":{"0":{"start":{"line":6,"column":0},"end":{"line":10,"column":1}}},"fnMap":{},"branchMap":{},"s":{"0":0},"f":{},"b":{}}
,"/home/binamra/Desktop/vrit_frontend/task1/src/components/Container.jsx": {"path":"/home/binamra/Desktop/vrit_frontend/task1/src/components/Container.jsx","statementMap":{"0":{"start":{"line":4,"column":25},"end":{"line":10,"column":1}},"1":{"start":{"line":5,"column":2},"end":{"line":9,"column":4}},"2":{"start":{"line":12,"column":0},"end":{"line":14,"column":2}}},"fnMap":{"0":{"name":"(anonymous_0)","decl":{"start":{"line":4,"column":25},"end":{"line":4,"column":26}},"loc":{"start":{"line":4,"column":43},"end":{"line":10,"column":1}},"line":4}},"branchMap":{},"s":{"0":2,"1":9,"2":2},"f":{"0":9},"b":{},"_coverageSchema":"1a1c01bbd47fc00a2c39e90264f33305004495a9","hash":"069ad1a3a01046513417c514c2c2d794fa407353"}
,"/home/binamra/Desktop/vrit_frontend/task1/src/components/InputBox.jsx": {"path":"/home/binamra/Desktop/vrit_frontend/task1/src/components/InputBox.jsx","statementMap":{"0":{"start":{"line":4,"column":24},"end":{"line":14,"column":1}},"1":{"start":{"line":5,"column":2},"end":{"line":13,"column":4}},"2":{"start":{"line":16,"column":0},"end":{"line":19,"column":1}}},"fnMap":{"0":{"name":"(anonymous_0)","decl":{"start":{"line":4,"column":24},"end":{"line":4,"column":25}},"loc":{"start":{"line":4,"column":49},"end":{"line":14,"column":1}},"line":4}},"branchMap":{},"s":{"0":2,"1":0,"2":2},"f":{"0":0},"b":{},"_coverageSchema":"1a1c01bbd47fc00a2c39e90264f33305004495a9","hash":"dea3a9655e7ff7f7b93ec77994344257247e28ae"}
,"/home/binamra/Desktop/vrit_frontend/task1/src/components/List.jsx": {"path":"/home/binamra/Desktop/vrit_frontend/task1/src/components/List.jsx","statementMap":{"0":{"start":{"line":4,"column":20},"end":{"line":26,"column":1}},"1":{"start":{"line":5,"column":19},"end":{"line":12,"column":4}},"2":{"start":{"line":6,"column":4},"end":{"line":11,"column":9}},"3":{"start":{"line":15,"column":4},"end":{"line":20,"column":9}},"4":{"start":{"line":23,"column":15},"end":{"line":23,"column":56}},"5":{"start":{"line":25,"column":2},"end":{"line":25,"column":52}},"6":{"start":{"line":28,"column":0},"end":{"line":30,"column":2}}},"fnMap":{"0":{"name":"(anonymous_0)","decl":{"start":{"line":4,"column":20},"end":{"line":4,"column":21}},"loc":{"start":{"line":4,"column":39},"end":{"line":26,"column":1}},"line":4},"1":{"name":"(anonymous_1)","decl":{"start":{"line":5,"column":33},"end":{"line":5,"column":34}},"loc":{"start":{"line":6,"column":4},"end":{"line":11,"column":9}},"line":6}},"branchMap":{"0":{"loc":{"start":{"line":23,"column":15},"end":{"line":23,"column":56}},"type":"cond-expr","locations":[{"start":{"line":23,"column":38},"end":{"line":23,"column":46}},{"start":{"line":23,"column":49},"end":{"line":23,"column":56}}],"line":23}},"s":{"0":2,"1":9,"2":2,"3":9,"4":9,"5":9,"6":2},"f":{"0":9,"1":2},"b":{"0":[2,7]},"_coverageSchema":"1a1c01bbd47fc00a2c39e90264f33305004495a9","hash":"00cc59e18e1943beab586b6aee1b61e1ca440883"}
,"/home/binamra/Desktop/vrit_frontend/task1/src/components/Spinner.jsx": {"path":"/home/binamra/Desktop/vrit_frontend/task1/src/components/Spinner.jsx","statementMap":{"0":{"start":{"line":3,"column":23},"end":{"line":8,"column":1}},"1":{"start":{"line":4,"column":2},"end":{"line":7,"column":9}}},"fnMap":{"0":{"name":"(anonymous_0)","decl":{"start":{"line":3,"column":23},"end":{"line":3,"column":24}},"loc":{"start":{"line":4,"column":2},"end":{"line":7,"column":9}},"line":4}},"branchMap":{},"s":{"0":2,"1":3},"f":{"0":3},"b":{},"_coverageSchema":"1a1c01bbd47fc00a2c39e90264f33305004495a9","hash":"bc3425603ad9df6314f7b43c15987921bf290141"}
,"/home/binamra/Desktop/vrit_frontend/task1/src/components/index.js": {"path":"/home/binamra/Desktop/vrit_frontend/task1/src/components/index.js","statementMap":{},"fnMap":{},"branchMap":{},"s":{},"f":{},"b":{},"_coverageSchema":"1a1c01bbd47fc00a2c39e90264f33305004495a9","hash":"0c11c557f837d069bbeead26b8f560882bbcf59c"}
,"/home/binamra/Desktop/vrit_frontend/task1/src/constants/countriesList.js": {"path":"/home/binamra/Desktop/vrit_frontend/task1/src/constants/countriesList.js","statementMap":{"0":{"start":{"line":1,"column":25},"end":{"line":26,"column":1}}},"fnMap":{},"branchMap":{},"s":{"0":1},"f":{},"b":{},"_coverageSchema":"1a1c01bbd47fc00a2c39e90264f33305004495a9","hash":"39f5323c91371dd605069acda89936630c15f904"}
,"/home/binamra/Desktop/vrit_frontend/task1/src/pages/Search.jsx": {"path":"/home/binamra/Desktop/vrit_frontend/task1/src/pages/Search.jsx","statementMap":{"0":{"start":{"line":6,"column":22},"end":{"line":42,"column":1}},"1":{"start":{"line":7,"column":41},"end":{"line":7,"column":53}},"2":{"start":{"line":8,"column":45},"end":{"line":8,"column":60}},"3":{"start":{"line":11,"column":31},"end":{"line":19,"column":3}},"4":{"start":{"line":13,"column":23},"end":{"line":15,"column":7}},"5":{"start":{"line":14,"column":8},"end":{"line":14,"column":56}},"6":{"start":{"line":16,"column":6},"end":{"line":16,"column":34}},"7":{"start":{"line":21,"column":24},"end":{"line":25,"column":3}},"8":{"start":{"line":22,"column":18},"end":{"line":22,"column":32}},"9":{"start":{"line":23,"column":4},"end":{"line":23,"column":27}},"10":{"start":{"line":24,"column":4},"end":{"line":24,"column":32}},"11":{"start":{"line":27,"column":2},"end":{"line":31,"column":29}},"12":{"start":{"line":28,"column":4},"end":{"line":30,"column":6}},"13":{"start":{"line":29,"column":6},"end":{"line":29,"column":36}},"14":{"start":{"line":33,"column":2},"end":{"line":41,"column":4}},"15":{"start":{"line":44,"column":0},"end":{"line":46,"column":2}}},"fnMap":{"0":{"name":"(anonymous_0)","decl":{"start":{"line":6,"column":22},"end":{"line":6,"column":23}},"loc":{"start":{"line":6,"column":37},"end":{"line":42,"column":1}},"line":6},"1":{"name":"(anonymous_1)","decl":{"start":{"line":12,"column":13},"end":{"line":12,"column":14}},"loc":{"start":{"line":12,"column":24},"end":{"line":17,"column":5}},"line":12},"2":{"name":"(anonymous_2)","decl":{"start":{"line":13,"column":36},"end":{"line":13,"column":37}},"loc":{"start":{"line":14,"column":8},"end":{"line":14,"column":56}},"line":14},"3":{"name":"(anonymous_3)","decl":{"start":{"line":21,"column":24},"end":{"line":21,"column":25}},"loc":{"start":{"line":21,"column":31},"end":{"line":25,"column":3}},"line":21},"4":{"name":"(anonymous_4)","decl":{"start":{"line":27,"column":12},"end":{"line":27,"column":13}},"loc":{"start":{"line":27,"column":18},"end":{"line":31,"column":3}},"line":27},"5":{"name":"(anonymous_5)","decl":{"start":{"line":28,"column":11},"end":{"line":28,"column":12}},"loc":{"start":{"line":28,"column":17},"end":{"line":30,"column":5}},"line":28}},"branchMap":{},"s":{"0":2,"1":0,"2":0,"3":0,"4":0,"5":0,"6":0,"7":0,"8":0,"9":0,"10":0,"11":0,"12":0,"13":0,"14":0,"15":2},"f":{"0":0,"1":0,"2":0,"3":0,"4":0,"5":0},"b":{},"_coverageSchema":"1a1c01bbd47fc00a2c39e90264f33305004495a9","hash":"daf6fd9f925bd4a65e6f17ef848599559752f723"}
,"/home/binamra/Desktop/vrit_frontend/task1/src/pages/Users.jsx": {"path":"/home/binamra/Desktop/vrit_frontend/task1/src/pages/Users.jsx","statementMap":{"0":{"start":{"line":4,"column":21},"end":{"line":45,"column":1}},"1":{"start":{"line":5,"column":29},"end":{"line":5,"column":41}},"2":{"start":{"line":6,"column":33},"end":{"line":6,"column":48}},"3":{"start":{"line":7,"column":29},"end":{"line":7,"column":41}},"4":{"start":{"line":9,"column":22},"end":{"line":25,"column":3}},"5":{"start":{"line":10,"column":4},"end":{"line":24,"column":5}},"6":{"start":{"line":11,"column":6},"end":{"line":11,"column":24}},"7":{"start":{"line":12,"column":23},"end":{"line":14,"column":7}},"8":{"start":{"line":15,"column":6},"end":{"line":15,"column":63}},"9":{"start":{"line":15,"column":37},"end":{"line":15,"column":61}},"10":{"start":{"line":16,"column":19},"end":{"line":16,"column":40}},"11":{"start":{"line":17,"column":23},"end":{"line":17,"column":52}},"12":{"start":{"line":17,"column":42},"end":{"line":17,"column":51}},"13":{"start":{"line":18,"column":6},"end":{"line":18,"column":26}},"14":{"start":{"line":20,"column":6},"end":{"line":20,"column":40}},"15":{"start":{"line":21,"column":6},"end":{"line":21,"column":27}},"16":{"start":{"line":23,"column":6},"end":{"line":23,"column":25}},"17":{"start":{"line":27,"column":2},"end":{"line":44,"column":4}}},"fnMap":{"0":{"name":"(anonymous_0)","decl":{"start":{"line":4,"column":21},"end":{"line":4,"column":22}},"loc":{"start":{"line":4,"column":27},"end":{"line":45,"column":1}},"line":4},"1":{"name":"(anonymous_1)","decl":{"start":{"line":9,"column":22},"end":{"line":9,"column":23}},"loc":{"start":{"line":9,"column":34},"end":{"line":25,"column":3}},"line":9},"2":{"name":"(anonymous_2)","decl":{"start":{"line":15,"column":24},"end":{"line":15,"column":25}},"loc":{"start":{"line":15,"column":37},"end":{"line":15,"column":61}},"line":15},"3":{"name":"(anonymous_3)","decl":{"start":{"line":17,"column":32},"end":{"line":17,"column":33}},"loc":{"start":{"line":17,"column":42},"end":{"line":17,"column":51}},"line":17}},"branchMap":{"0":{"loc":{"start":{"line":33,"column":9},"end":{"line":33,"column":46}},"type":"cond-expr","locations":[{"start":{"line":33,"column":19},"end":{"line":33,"column":30}},{"start":{"line":33,"column":33},"end":{"line":33,"column":46}}],"line":33},"1":{"loc":{"start":{"line":37,"column":9},"end":{"line":41,"column":9}},"type":"cond-expr","locations":[{"start":{"line":38,"column":10},"end":{"line":38,"column":38}},{"start":{"line":40,"column":10},"end":{"line":40,"column":36}}],"line":37}},"s":{"0":2,"1":9,"2":9,"3":9,"4":9,"5":3,"6":3,"7":3,"8":2,"9":2,"10":1,"11":1,"12":1,"13":1,"14":1,"15":1,"16":2,"17":9},"f":{"0":9,"1":3,"2":2,"3":1},"b":{"0":[3,6],"1":[1,8]},"_coverageSchema":"1a1c01bbd47fc00a2c39e90264f33305004495a9","hash":"1451a5c1873e58b5208fd8385aad9d039397d000"}
,"/home/binamra/Desktop/vrit_frontend/task1/src/pages/index.js": {"path":"/home/binamra/Desktop/vrit_frontend/task1/src/pages/index.js","statementMap":{},"fnMap":{},"branchMap":{},"s":{},"f":{},"b":{},"_coverageSchema":"1a1c01bbd47fc00a2c39e90264f33305004495a9","hash":"2d34ec5e5de062a320b1901d2108a801583b36ff"}
}
